<?xml version="1.0" encoding="UTF-8"?>
<!-- Generated by org.testng.reporters.JUnitReportReporter -->
<testsuite hostname="ksu-pc" name="com.example.tests.AlsoOfGroupCreationTest" tests="2" failures="0" timestamp="19 Apr 2015 22:10:16 GMT" time="20.617" errors="0">
  <testcase name="testNonEmptyGroupCreation" time="8.980" classname="com.example.tests.AlsoOfGroupCreationTest"/>
  <testcase name="testEmptyGroupCreation" time="11.637" classname="com.example.tests.AlsoOfGroupCreationTest"/>
</testsuite> <!-- com.example.tests.AlsoOfGroupCreationTest -->
