<?xml version="1.0" encoding="UTF-8"?>
<!-- Generated by org.testng.reporters.JUnitReportReporter -->
<testsuite hostname="ksu-pc" name="com.example.tests.EmptyContactCreation" tests="1" failures="0" timestamp="20 Apr 2015 00:57:06 GMT" time="19.733" errors="0">
  <testcase name="testEmptyContactCreation" time="19.733" classname="com.example.tests.EmptyContactCreation"/>
</testsuite> <!-- com.example.tests.EmptyContactCreation -->
