<?xml version="1.0" encoding="UTF-8"?>
<!-- Generated by org.testng.reporters.JUnitReportReporter -->
<testsuite hostname="ksu-pc" name="com.example.tests.NonEmptyContactCreation" tests="1" failures="0" timestamp="20 Apr 2015 00:57:06 GMT" time="22.311" errors="0">
  <testcase name="testNonEmptyContactCreation" time="22.311" classname="com.example.tests.NonEmptyContactCreation"/>
</testsuite> <!-- com.example.tests.NonEmptyContactCreation -->
