<?xml version="1.0" encoding="UTF-8"?>
<!-- Generated by org.testng.reporters.JUnitReportReporter -->
<testsuite hostname="ksu-pc" name="com.example.tests.NonEmptyGroupCreationTest" tests="1" failures="0" timestamp="20 Apr 2015 00:57:06 GMT" time="9.054" errors="0">
  <testcase name="testNonEmptyGroupCreation" time="9.054" classname="com.example.tests.NonEmptyGroupCreationTest"/>
</testsuite> <!-- com.example.tests.NonEmptyGroupCreationTest -->
