<?xml version="1.0" encoding="UTF-8"?>
<!-- Generated by org.testng.reporters.JUnitReportReporter -->
<testsuite hostname="ksu-pc" name="com.example.tests.EmptyGroupCreationTest" tests="1" failures="0" timestamp="20 Apr 2015 00:57:06 GMT" time="12.047" errors="0">
  <testcase name="testEmptyGroupCreation" time="12.047" classname="com.example.tests.EmptyGroupCreationTest"/>
</testsuite> <!-- com.example.tests.EmptyGroupCreationTest -->
