<?xml version="1.0" encoding="UTF-8"?>
<!-- Generated by org.testng.reporters.JUnitReportReporter -->
<testsuite hostname="ksu-pc" name="com.example.tests.ContactCreation" tests="2" failures="0" timestamp="20 Apr 2015 00:53:23 GMT" time="47.222" errors="0">
  <testcase name="testEmptyContactCreation" time="21.104" classname="com.example.tests.ContactCreation"/>
  <testcase name="testNonEmptyContactCreation" time="26.118" classname="com.example.tests.ContactCreation"/>
</testsuite> <!-- com.example.tests.ContactCreation -->
